<?xml version="1.0" encoding="UTF-8"?>
<testsuite name="fr.imt_atlantique.frappe.FrappeApplicationTests" tests="1" skipped="0" failures="0" errors="0" timestamp="2024-10-17T11:04:15" hostname="MrRobot.local" time="0.409">
  <properties/>
  <testcase name="contextLoads()" classname="fr.imt_atlantique.frappe.FrappeApplicationTests" time="0.409"/>
  <system-out><![CDATA[13:04:14.409 [Test worker] INFO org.springframework.test.context.support.AnnotationConfigContextLoaderUtils -- Could not detect default configuration classes for test class [fr.imt_atlantique.frappe.FrappeApplicationTests]: FrappeApplicationTests does not declare any static, non-private, non-final, nested classes annotated with @Configuration.
13:04:14.459 [Test worker] INFO org.springframework.boot.test.context.SpringBootTestContextBootstrapper -- Found @SpringBootConfiguration fr.imt_atlantique.frappe.FrappeApplication for test class fr.imt_atlantique.frappe.FrappeApplicationTests

  .   ____          _            __ _ _
 /\\ / ___'_ __ _ _(_)_ __  __ _ \ \ \ \
( ( )\___ | '_ | '_| | '_ \/ _` | \ \ \ \
 \\/  ___)| |_)| | | | | || (_| |  ) ) ) )
  '  |____| .__|_| |_|_| |_\__, | / / / /
 =========|_|==============|___/=/_/_/_/

 :: Spring Boot ::                (v3.3.4)

2024-10-17T13:04:14.621+02:00  INFO 36565 --- [frappe] [    Test worker] f.i.frappe.FrappeApplicationTests        : Starting FrappeApplicationTests using Java 17.0.13 with PID 36565 (started by tchadelicard in /Users/tchadelicard/Downloads/frappe)
2024-10-17T13:04:14.621+02:00  INFO 36565 --- [frappe] [    Test worker] f.i.frappe.FrappeApplicationTests        : No active profile set, falling back to 1 default profile: "default"
2024-10-17T13:04:15.058+02:00  INFO 36565 --- [frappe] [    Test worker] f.i.frappe.FrappeApplicationTests        : Started FrappeApplicationTests in 0.547 seconds (process running for 1.059)
]]></system-out>
  <system-err><![CDATA[]]></system-err>
</testsuite>
